<?xml version="1.0" encoding="UTF-8"?>
<!-- Generated by org.testng.reporters.JUnitReportReporter -->
<testsuite hostname="DESKTOP-2JV8DGV" failures="0" tests="1" name="com.sdet.TC_Login" time="11.057" errors="0" timestamp="8 Nov 2021 14:20:56 GMT">
  <testcase classname="com.sdet.TC_Login" name="login_test" time="11.057"/>
</testsuite> <!-- com.sdet.TC_Login -->
