<?xml version="1.0" encoding="UTF-8"?>
<!-- Generated by org.testng.reporters.JUnitReportReporter -->
<testsuite hostname="DESKTOP-2JV8DGV" failures="0" tests="2" name="com.sdet.AppTest" time="0.025" errors="0" timestamp="8 Nov 2021 14:20:56 GMT">
  <testcase classname="com.sdet.AppTest" name="testlogin1" time="0.023"/>
  <testcase classname="com.sdet.AppTest" name="testlogin2" time="0.002"/>
</testsuite> <!-- com.sdet.AppTest -->
